<?xml version="1.0" encoding="utf-8"?><testsuites name="pytest tests"><testsuite name="pytest" errors="0" failures="0" skipped="0" tests="26" time="13.424" timestamp="2026-03-18T15:08:28.701769+00:00" hostname="agent-env-a1b76dcd-55a7-4008-ae48-b46b0f00cf8c"><testcase classname="backend.tests.test_realloc_api.TestHealthAndAuth" name="test_health_endpoint" time="0.300" /><testcase classname="backend.tests.test_realloc_api.TestHealthAndAuth" name="test_login_enterprise_admin" time="0.368" /><testcase classname="backend.tests.test_realloc_api.TestHealthAndAuth" name="test_login_participant" time="0.372" /><testcase classname="backend.tests.test_realloc_api.TestHealthAndAuth" name="test_login_mentor" time="0.427" /><testcase classname="backend.tests.test_realloc_api.TestHealthAndAuth" name="test_login_invalid_credentials" time="0.161" /><testcase classname="backend.tests.test_realloc_api.TestEnterpriseDashboard" name="test_enterprise_dashboard" time="0.479" /><testcase classname="backend.tests.test_realloc_api.TestEnterpriseDashboard" name="test_workforce_heatmap" time="0.478" /><testcase classname="backend.tests.test_realloc_api.TestEnterpriseDashboard" name="test_heatmap_filter_country" time="0.548" /><testcase classname="backend.tests.test_realloc_api.TestEnterpriseDashboard" name="test_heatmap_filter_category" time="0.483" /><testcase classname="backend.tests.test_realloc_api.TestEnterpriseDashboard" name="test_builder_core" time="0.480" /><testcase classname="backend.tests.test_realloc_api.TestEnterpriseDashboard" name="test_cohorts" time="0.494" /><testcase classname="backend.tests.test_realloc_api.TestEnterpriseDashboard" name="test_worker_diagnostic" time="0.625" /><testcase classname="backend.tests.test_realloc_api.TestEnterpriseDashboard" name="test_board_report_pdf" time="0.498" /><testcase classname="backend.tests.test_realloc_api.TestParticipantDashboard" name="test_participant_dashboard" time="0.452" /><testcase classname="backend.tests.test_realloc_api.TestParticipantDashboard" name="test_participant_diagnostic" time="0.486" /><testcase classname="backend.tests.test_realloc_api.TestParticipantDashboard" name="test_participant_domains" time="0.677" /><testcase classname="backend.tests.test_realloc_api.TestParticipantDashboard" name="test_domain_tasks" time="0.761" /><testcase classname="backend.tests.test_realloc_api.TestParticipantDashboard" name="test_task_detail" time="0.874" /><testcase classname="backend.tests.test_realloc_api.TestParticipantDashboard" name="test_my_mentor" time="0.443" /><testcase classname="backend.tests.test_realloc_api.TestCommunity" name="test_community_hub_mentors" time="0.459" /><testcase classname="backend.tests.test_realloc_api.TestCommunity" name="test_community_feed" time="0.478" /><testcase classname="backend.tests.test_realloc_api.TestNotifications" name="test_enterprise_admin_notifications" time="0.545" /><testcase classname="backend.tests.test_realloc_api.TestNotifications" name="test_participant_notifications" time="0.470" /><testcase classname="backend.tests.test_realloc_api.TestSubmissions" name="test_create_submission" time="0.731" /><testcase classname="backend.tests.test_realloc_api.TestSubmissions" name="test_get_submissions" time="0.728" /><testcase classname="backend.tests.test_realloc_api.TestAdminAnalytics" name="test_admin_analytics" time="0.468" /></testsuite></testsuites>